This is pdfTeX, Version 3.1415926-2.5-1.40.14 (TeX Live 2013) (format=pdflatex 2014.2.7)  19 JUN 2015 13:40
entering extended mode
 restricted \write18 enabled.
 file:line:error style messages enabled.
 %&-line parsing enabled.
**nanorods_figures1.tex
(./nanorods_figures1.tex
LaTeX2e <2011/06/27>
Babel <3.9f> and hyphenation patterns for 78 languages loaded.
(/usr/local/texlive/2013/texmf-dist/tex/latex/revtex/revtex4-1.cls
Document Class: revtex4-1 2010/07/25/20:33:00 4.1r (http://publish.aps.org/revt
ex4/ for documentation)
 Copyright (c) 2009 The American Physical Society.
 mailto:revtex@aps.org
 Licensed under the LPPL:
http://www.ctan.org/tex-archive/macros/latex/base/lppl.txt
 Arthur Ogawa <arthur_ogawa at sbcglobal dot net>
 Based on work by David Carlisle <david at dcarlisle.demon.co.uk>.
ltxutil[2010/07/25/20:33:00 4.1r utilities package (portions licensed from W. E
. Baxter web at superscript.com)]
LaTeX Info: Redefining \@centercr on input line 308.
Class revtex4-1 Info: Repairing broken LaTeX eqnarray on input line 358.
\eqncolsep=\skip41
Class revtex4-1 Info: Repairing hyperref-unfriendly LaTeX definition of \mpfoot
note on input line 433.
Class revtex4-1 Info: Repairing broken LateX \@sect on input line 755.
\intertabularlinepenalty=\count79
\@tbpen=\count80
\@arstrutbox@hline=\box26
Class revtex4-1 Info: Repairing broken LaTeX \@xbitor on input line 1786.
Class revtex4-1 Info: Making \typeout \long on input line 2046.
ltxfront[2010/07/25/20:33:00 4.1r frontmatter package (AO,DPC)]
\c@affil=\count81
\c@collab=\count82
\absbox=\box27
ltxgrid[2010/07/25/20:33:00 4.1r page grid package (portions licensed from W. E
. Baxter web at superscript.com)]
\c@linecount=\count83
\output@latex=\toks14
\box@size@1=\box28
\box@size@2=\box29
\@protection@box=\box30
\@topmark@saved=\toks15
\footins@saved=\box31
\footins@recovered=\box32
\column@recovered=\box33
\pagesofar=\box34
\footsofar=\box35
\pagegrid@col=\count84
Class revtex4-1 Info: Overriding \@vspace, \@vspacer, \@no@pgbk, \@newline, and
 \\  on input line 5578.
\c@part=\count85
\c@section=\count86
\c@subsection=\count87
\c@subsubsection=\count88
\c@paragraph=\count89
\c@subparagraph=\count90
\abovecaptionskip=\skip42
\belowcaptionskip=\skip43
\c@figure=\count91
\fbox@1=\box36
\c@table=\count92
\fbox@2=\box37
\c@video=\count93
\fbox@4=\box38
\@bibdataout=\write3
\widetext@top=\box39
\widetext@bot=\box40
Class revtex4-1 Info: Selecting society aps on input line 7542.
(/usr/local/texlive/2013/texmf-dist/tex/latex/revtex/aps4-1.rtx
File: aps4-1 2010/07/25/20:33:00 4.1r (http://publish.aps.org/revtex4/ for docu
mentation)
Class revtex4-1 Info: RevTeX society APS selected on input line 31.
)
Class revtex4-1 Info: Selecting journal prl on input line 7544.
Class revtex4-1 Info: APS journal PRL selected on input line 7545.


Class revtex4-1 Warning: No type size specified, using default 10.

(/usr/local/texlive/2013/texmf-dist/tex/latex/revtex/aps10pt4-1.rtx
File: aps10pt4-1 2010/07/25/20:33:00 4.1r (http://publish.aps.org/revtex4/ for 
documentation)
Class revtex4-1 Info: RevTeX pointsize 10pt selected on input line 30.
)
(/usr/local/texlive/2013/texmf-dist/tex/latex/textcase/textcase.sty
Package: textcase 2004/10/07 v0.07 Text only upper/lower case changing (DPC)
)
(/usr/local/texlive/2013/texmf-dist/tex/latex/url/url.sty
\Urlmuskip=\muskip10
Package: url 2006/04/12  ver 3.3  Verb mode for urls, etc.
)
(/usr/local/texlive/2013/texmf-dist/tex/latex/natbib/natbib.sty
Package: natbib 2010/09/13 8.31b (PWD, AO)
\bibhang=\skip44
\bibsep=\skip45
LaTeX Info: Redefining \cite on input line 694.
\c@NAT@ctr=\count94
)
Class revtex4-1 Info: Repairing natbib's \BibitemShut on input line 7549.

(/usr/local/texlive/2013/texmf-dist/tex/latex/revtex/revsymb4-1.sty
Package: revsymb4-1 2010/07/25/20:33:00 4.1r (http://publish.aps.org/revtex4/ f
or documentation)
LaTeX Info: Redefining \REV@mathfrak on input line 119.
))
(/usr/local/texlive/2013/texmf-dist/tex/latex/amsmath/amsmath.sty
Package: amsmath 2013/01/14 v2.14 AMS math features
\@mathmargin=\skip46

For additional information on amsmath, use the `?' option.
(/usr/local/texlive/2013/texmf-dist/tex/latex/amsmath/amstext.sty
Package: amstext 2000/06/29 v2.01

(/usr/local/texlive/2013/texmf-dist/tex/latex/amsmath/amsgen.sty
File: amsgen.sty 1999/11/30 v2.0
\@emptytoks=\toks16
\ex@=\dimen102
)
LaTeX Info: Redefining \text on input line 39.
)
(/usr/local/texlive/2013/texmf-dist/tex/latex/amsmath/amsbsy.sty
Package: amsbsy 1999/11/29 v1.2d
\pmbraise@=\dimen103
)
(/usr/local/texlive/2013/texmf-dist/tex/latex/amsmath/amsopn.sty
Package: amsopn 1999/12/14 v2.01 operator names
)
\inf@bad=\count95
LaTeX Info: Redefining \frac on input line 210.
\uproot@=\count96
\leftroot@=\count97
LaTeX Info: Redefining \overline on input line 306.
\classnum@=\count98
\DOTSCASE@=\count99
LaTeX Info: Redefining \ldots on input line 378.
LaTeX Info: Redefining \dots on input line 381.
LaTeX Info: Redefining \cdots on input line 466.
\Mathstrutbox@=\box41
\strutbox@=\box42
\big@size=\dimen104
LaTeX Font Info:    Redeclaring font encoding OML on input line 566.
LaTeX Font Info:    Redeclaring font encoding OMS on input line 567.
\macc@depth=\count100
\c@MaxMatrixCols=\count101
\dotsspace@=\muskip11
\c@parentequation=\count102
\dspbrk@lvl=\count103
\tag@help=\toks17
\row@=\count104
\column@=\count105
\maxfields@=\count106
\andhelp@=\toks18
\eqnshift@=\dimen105
\alignsep@=\dimen106
\tagshift@=\dimen107
\tagwidth@=\dimen108
\totwidth@=\dimen109
\lineht@=\dimen110
\@envbody=\toks19
\multlinegap=\skip47
\multlinetaggap=\skip48
\mathdisplay@stack=\toks20
LaTeX Info: Redefining \[ on input line 2665.
LaTeX Info: Redefining \] on input line 2666.
)
(/usr/local/texlive/2013/texmf-dist/tex/latex/graphics/graphicx.sty
Package: graphicx 1999/02/16 v1.0f Enhanced LaTeX Graphics (DPC,SPQR)

(/usr/local/texlive/2013/texmf-dist/tex/latex/graphics/keyval.sty
Package: keyval 1999/03/16 v1.13 key=value parser (DPC)
\KV@toks@=\toks21
)
(/usr/local/texlive/2013/texmf-dist/tex/latex/graphics/graphics.sty
Package: graphics 2009/02/05 v1.0o Standard LaTeX Graphics (DPC,SPQR)

(/usr/local/texlive/2013/texmf-dist/tex/latex/graphics/trig.sty
Package: trig 1999/03/16 v1.09 sin cos tan (DPC)
)
(/usr/local/texlive/2013/texmf-dist/tex/latex/latexconfig/graphics.cfg
File: graphics.cfg 2010/04/23 v1.9 graphics configuration of TeX Live
)
Package graphics Info: Driver file: pdftex.def on input line 91.

(/usr/local/texlive/2013/texmf-dist/tex/latex/pdftex-def/pdftex.def
File: pdftex.def 2011/05/27 v0.06d Graphics/color for pdfTeX

(/usr/local/texlive/2013/texmf-dist/tex/generic/oberdiek/infwarerr.sty
Package: infwarerr 2010/04/08 v1.3 Providing info/warning/error messages (HO)
)
(/usr/local/texlive/2013/texmf-dist/tex/generic/oberdiek/ltxcmds.sty
Package: ltxcmds 2011/11/09 v1.22 LaTeX kernel commands for general use (HO)
)
\Gread@gobject=\count107
))
\Gin@req@height=\dimen111
\Gin@req@width=\dimen112
)
(/usr/local/texlive/2013/texmf-dist/tex/latex/amsfonts/amsfonts.sty
Package: amsfonts 2013/01/14 v3.01 Basic AMSFonts support
\symAMSa=\mathgroup4
\symAMSb=\mathgroup5
LaTeX Font Info:    Overwriting math alphabet `\mathfrak' in version `bold'
(Font)                  U/euf/m/n --> U/euf/b/n on input line 106.
LaTeX Info: Redefining \frak on input line 111.
LaTeX Info: Redefining \Bbb on input line 113.
)
(/usr/local/texlive/2013/texmf-dist/tex/latex/caption/caption.sty
Package: caption 2013/05/02 v3.3-89 Customizing captions (AR)

(/usr/local/texlive/2013/texmf-dist/tex/latex/caption/caption3.sty
Package: caption3 2013/05/02 v1.6-88 caption3 kernel (AR)
Package caption3 Info: TeX engine: e-TeX on input line 57.
\captionmargin=\dimen113
\captionmargin@=\dimen114
\captionwidth=\dimen115
\caption@tempdima=\dimen116
\caption@indent=\dimen117
\caption@parindent=\dimen118
\caption@hangindent=\dimen119
Package caption Info: Unknown document class (or package),
(caption)             standard defaults will be used.
)

Package caption Warning: Unsupported document class (or package) detected,
(caption)                usage of the caption package is not recommended.
See the caption package documentation for explanation.

Package caption Info: \@makecaption = \long macro:#1#2->\par \vskip \abovecapti
onskip \begingroup \small \rmfamily \sbox \@tempboxa {\let \\\heading@cr \@make
@capt@title {#1}{#2}}\@ifdim {\wd \@tempboxa >\hsize }{\begingroup \samepage \f
lushing \let \footnote \@footnotemark@gobble \@make@capt@title {#1}{#2}\par \en
dgroup }{\global \@minipagefalse \hb@xt@ \hsize {\hfil \unhbox \@tempboxa \hfil
 }}\endgroup \vskip \belowcaptionskip .
\c@ContinuedFloat=\count108
) (/usr/local/texlive/2013/texmf-dist/tex/latex/caption/subcaption.sty
Package: subcaption 2013/02/03 v1.1-62 Sub-captions (AR)
\c@subfigure=\count109
\c@subtable=\count110
)
Class revtex4-1 Info: Patching LaTeX tabular. on input line 84.
Class revtex4-1 Info: Robustifying \LaTeX's \boldmath command on input line 84.

Class revtex4-1 Info: cite was not loaded (OK!) on input line 84.
Class revtex4-1 Info: mcite was not loaded (OK!) on input line 84.
Class revtex4-1 Info: multicol was not loaded (OK!) on input line 84.

(./nanorods_figures1.aux)
\openout1 = `nanorods_figures1.aux'.

LaTeX Font Info:    Checking defaults for OML/cmm/m/it on input line 84.
LaTeX Font Info:    ... okay on input line 84.
LaTeX Font Info:    Checking defaults for T1/cmr/m/n on input line 84.
LaTeX Font Info:    ... okay on input line 84.
LaTeX Font Info:    Checking defaults for OT1/cmr/m/n on input line 84.
LaTeX Font Info:    ... okay on input line 84.
LaTeX Font Info:    Checking defaults for OMS/cmsy/m/n on input line 84.
LaTeX Font Info:    ... okay on input line 84.
LaTeX Font Info:    Checking defaults for OMX/cmex/m/n on input line 84.
LaTeX Font Info:    ... okay on input line 84.
LaTeX Font Info:    Checking defaults for U/cmr/m/n on input line 84.
LaTeX Font Info:    ... okay on input line 84.

(/usr/local/texlive/2013/texmf-dist/tex/context/base/supp-pdf.mkii
[Loading MPS to PDF converter (version 2006.09.02).]
\scratchcounter=\count111
\scratchdimen=\dimen120
\scratchbox=\box43
\nofMPsegments=\count112
\nofMParguments=\count113
\everyMPshowfont=\toks22
\MPscratchCnt=\count114
\MPscratchDim=\dimen121
\MPnumerator=\count115
\makeMPintoPDFobject=\count116
\everyMPtoPDFconversion=\toks23
) (/usr/local/texlive/2013/texmf-dist/tex/generic/oberdiek/pdftexcmds.sty
Package: pdftexcmds 2011/11/29 v0.20 Utility functions of pdfTeX for LuaTeX (HO
)

(/usr/local/texlive/2013/texmf-dist/tex/generic/oberdiek/ifluatex.sty
Package: ifluatex 2010/03/01 v1.3 Provides the ifluatex switch (HO)
Package ifluatex Info: LuaTeX not detected.
)
(/usr/local/texlive/2013/texmf-dist/tex/generic/oberdiek/ifpdf.sty
Package: ifpdf 2011/01/30 v2.3 Provides the ifpdf switch (HO)
Package ifpdf Info: pdfTeX in PDF mode is detected.
)
Package pdftexcmds Info: LuaTeX not detected.
Package pdftexcmds Info: \pdf@primitive is available.
Package pdftexcmds Info: \pdf@ifprimitive is available.
Package pdftexcmds Info: \pdfdraftmode found.
)
(/usr/local/texlive/2013/texmf-dist/tex/latex/oberdiek/epstopdf-base.sty
Package: epstopdf-base 2010/02/09 v2.5 Base part for package epstopdf

(/usr/local/texlive/2013/texmf-dist/tex/latex/oberdiek/grfext.sty
Package: grfext 2010/08/19 v1.1 Manage graphics extensions (HO)

(/usr/local/texlive/2013/texmf-dist/tex/generic/oberdiek/kvdefinekeys.sty
Package: kvdefinekeys 2011/04/07 v1.3 Define keys (HO)
))
(/usr/local/texlive/2013/texmf-dist/tex/latex/oberdiek/kvoptions.sty
Package: kvoptions 2011/06/30 v3.11 Key value format for package options (HO)

(/usr/local/texlive/2013/texmf-dist/tex/generic/oberdiek/kvsetkeys.sty
Package: kvsetkeys 2012/04/25 v1.16 Key value parser (HO)

(/usr/local/texlive/2013/texmf-dist/tex/generic/oberdiek/etexcmds.sty
Package: etexcmds 2011/02/16 v1.5 Avoid name clashes with e-TeX commands (HO)
Package etexcmds Info: Could not find \expanded.
(etexcmds)             That can mean that you are not using pdfTeX 1.50 or
(etexcmds)             that some package has redefined \expanded.
(etexcmds)             In the latter case, load this package earlier.
)))
Package grfext Info: Graphics extension search list:
(grfext)             [.png,.pdf,.jpg,.mps,.jpeg,.jbig2,.jb2,.PNG,.PDF,.JPG,.JPE
G,.JBIG2,.JB2,.eps]
(grfext)             \AppendGraphicsExtensions on input line 452.

(/usr/local/texlive/2013/texmf-dist/tex/latex/latexconfig/epstopdf-sys.cfg
File: epstopdf-sys.cfg 2010/07/13 v1.3 Configuration of (r)epstopdf for TeX Liv
e
))
Package caption Info: Begin \AtBeginDocument code.
Package caption Info: End \AtBeginDocument code.
\openout3 = `nanorods_figures1Notes.bib'.

LaTeX Font Info:    Try loading font information for U+msa on input line 132.

(/usr/local/texlive/2013/texmf-dist/tex/latex/amsfonts/umsa.fd
File: umsa.fd 2013/01/14 v3.01 AMS symbols A
)
LaTeX Font Info:    Try loading font information for U+msb on input line 132.

(/usr/local/texlive/2013/texmf-dist/tex/latex/amsfonts/umsb.fd
File: umsb.fd 2013/01/14 v3.01 AMS symbols B
) [1{/usr/local/texlive/2013/texmf-var/fonts/map/pdftex/updmap/pdftex.map}]
<figs/geometry.pdf, id=15, 1027.84pt x 770.88pt>
File: figs/geometry.pdf Graphic file (type pdf)
 <use figs/geometry.pdf>
Package pdftex.def Info: figs/geometry.pdf used on input line 155.
(pdftex.def)             Requested size: 499.79782pt x 374.85266pt.
Package epstopdf Info: Source file: <figs/Figure2a.eps>
(epstopdf)                    date: 2015-06-09 15:58:57
(epstopdf)                    size: 162541 bytes
(epstopdf)             Output file: <figs/Figure2a-eps-converted-to.pdf>
(epstopdf)                    date: 2015-06-09 15:59:13
(epstopdf)                    size: 24092 bytes
(epstopdf)             Command: <repstopdf --outfile=figs/Figure2a-eps-converte
d-to.pdf figs/Figure2a.eps>
(epstopdf)             \includegraphics on input line 161.
Package epstopdf Info: Output file is already uptodate.

<figs/Figure2a-eps-converted-to.pdf, id=16, 519.9425pt x 276.03125pt>
File: figs/Figure2a-eps-converted-to.pdf Graphic file (type pdf)

<use figs/Figure2a-eps-converted-to.pdf>
Package pdftex.def Info: figs/Figure2a-eps-converted-to.pdf used on input line 
161.
(pdftex.def)             Requested size: 244.79782pt x 129.95793pt.
Package epstopdf Info: Source file: <figs/Figure2b.eps>
(epstopdf)                    date: 2015-06-09 15:59:08
(epstopdf)                    size: 101386 bytes
(epstopdf)             Output file: <figs/Figure2b-eps-converted-to.pdf>
(epstopdf)                    date: 2015-06-09 15:59:14
(epstopdf)                    size: 8573 bytes
(epstopdf)             Command: <repstopdf --outfile=figs/Figure2b-eps-converte
d-to.pdf figs/Figure2b.eps>
(epstopdf)             \includegraphics on input line 165.
Package epstopdf Info: Output file is already uptodate.

<figs/Figure2b-eps-converted-to.pdf, id=17, 525.965pt x 273.02pt>
File: figs/Figure2b-eps-converted-to.pdf Graphic file (type pdf)

<use figs/Figure2b-eps-converted-to.pdf>
Package pdftex.def Info: figs/Figure2b-eps-converted-to.pdf used on input line 
165.
(pdftex.def)             Requested size: 244.79782pt x 127.06963pt.

<figs/Figure3bb.pdf, id=18, 803.0pt x 803.0pt>
File: figs/Figure3bb.pdf Graphic file (type pdf)
 <use figs/Figure3bb.pdf>
Package pdftex.def Info: figs/Figure3bb.pdf used on input line 177.
(pdftex.def)             Requested size: 132.5972pt x 132.5873pt.

<figs/Figure3ba.pdf, id=19, 803.0pt x 803.0pt>
File: figs/Figure3ba.pdf Graphic file (type pdf)
 <use figs/Figure3ba.pdf>
Package pdftex.def Info: figs/Figure3ba.pdf used on input line 181.
(pdftex.def)             Requested size: 132.5972pt x 132.5873pt.

<figs/Figure3bc.pdf, id=20, 803.0pt x 803.0pt>
File: figs/Figure3bc.pdf Graphic file (type pdf)
 <use figs/Figure3bc.pdf>
Package pdftex.def Info: figs/Figure3bc.pdf used on input line 185.
(pdftex.def)             Requested size: 132.5972pt x 132.5873pt.
Package epstopdf Info: Source file: <figs/Phi_vs_L_0G.eps>
(epstopdf)                    date: 2015-06-09 16:03:07
(epstopdf)                    size: 4307764 bytes
(epstopdf)             Output file: <figs/Phi_vs_L_0G-eps-converted-to.pdf>
(epstopdf)                    date: 2015-06-09 16:04:26
(epstopdf)                    size: 169595 bytes
(epstopdf)             Command: <repstopdf --outfile=figs/Phi_vs_L_0G-eps-conve
rted-to.pdf figs/Phi_vs_L_0G.eps>
(epstopdf)             \includegraphics on input line 189.
Package epstopdf Info: Output file is already uptodate.

<figs/Phi_vs_L_0G-eps-converted-to.pdf, id=21, 548.0475pt x 340.27126pt>
File: figs/Phi_vs_L_0G-eps-converted-to.pdf Graphic file (type pdf)

<use figs/Phi_vs_L_0G-eps-converted-to.pdf>
Package pdftex.def Info: figs/Phi_vs_L_0G-eps-converted-to.pdf used on input li
ne 189.
(pdftex.def)             Requested size: 224.40125pt x 139.3252pt.
Package epstopdf Info: Source file: <figs/Phi_vs_L_140G.eps>
(epstopdf)                    date: 2015-06-09 16:02:58
(epstopdf)                    size: 6657342 bytes
(epstopdf)             Output file: <figs/Phi_vs_L_140G-eps-converted-to.pdf>
(epstopdf)                    date: 2015-06-09 16:04:29
(epstopdf)                    size: 953309 bytes
(epstopdf)             Command: <repstopdf --outfile=figs/Phi_vs_L_140G-eps-con
verted-to.pdf figs/Phi_vs_L_140G.eps>
(epstopdf)             \includegraphics on input line 193.
Package epstopdf Info: Output file is already uptodate.

<figs/Phi_vs_L_140G-eps-converted-to.pdf, id=22, 553.06625pt x 340.27126pt>
File: figs/Phi_vs_L_140G-eps-converted-to.pdf Graphic file (type pdf)

<use figs/Phi_vs_L_140G-eps-converted-to.pdf>
Package pdftex.def Info: figs/Phi_vs_L_140G-eps-converted-to.pdf used on input 
line 193.
(pdftex.def)             Requested size: 224.40125pt x 138.05832pt.
Package epstopdf Info: Source file: <figs/Figure3a.eps>
(epstopdf)                    date: 2015-06-19 13:33:14
(epstopdf)                    size: 180190 bytes
(epstopdf)             Output file: <figs/Figure3a-eps-converted-to.pdf>
(epstopdf)                    date: 2015-06-19 13:33:20
(epstopdf)                    size: 24113 bytes
(epstopdf)             Command: <repstopdf --outfile=figs/Figure3a-eps-converte
d-to.pdf figs/Figure3a.eps>
(epstopdf)             \includegraphics on input line 197.
Package epstopdf Info: Output file is already uptodate.

<figs/Figure3a-eps-converted-to.pdf, id=23, 792.9625pt x 402.50375pt>
File: figs/Figure3a-eps-converted-to.pdf Graphic file (type pdf)

<use figs/Figure3a-eps-converted-to.pdf>
Package pdftex.def Info: figs/Figure3a-eps-converted-to.pdf used on input line 
197.
(pdftex.def)             Requested size: 448.80249pt x 227.81424pt.
Package epstopdf Info: Source file: <figs/Figure4.eps>
(epstopdf)                    date: 2015-06-12 16:20:54
(epstopdf)                    size: 192290 bytes
(epstopdf)             Output file: <figs/Figure4-eps-converted-to.pdf>
(epstopdf)                    date: 2015-06-12 16:22:08
(epstopdf)                    size: 40433 bytes
(epstopdf)             Command: <repstopdf --outfile=figs/Figure4-eps-converted
-to.pdf figs/Figure4.eps>
(epstopdf)             \includegraphics on input line 205.
Package epstopdf Info: Output file is already uptodate.

<figs/Figure4-eps-converted-to.pdf, id=24, 460.72125pt x 401.5pt>
File: figs/Figure4-eps-converted-to.pdf Graphic file (type pdf)

<use figs/Figure4-eps-converted-to.pdf>
Package pdftex.def Info: figs/Figure4-eps-converted-to.pdf used on input line 2
05.
(pdftex.def)             Requested size: 229.49844pt x 199.99596pt.
Package epstopdf Info: Source file: <figs/Figure4b.eps>
(epstopdf)                    date: 2015-06-12 13:10:42
(epstopdf)                    size: 1051429 bytes
(epstopdf)             Output file: <figs/Figure4b-eps-converted-to.pdf>
(epstopdf)                    date: 2015-06-12 15:05:34
(epstopdf)                    size: 20076 bytes
(epstopdf)             Command: <repstopdf --outfile=figs/Figure4b-eps-converte
d-to.pdf figs/Figure4b.eps>
(epstopdf)             \includegraphics on input line 209.
Package epstopdf Info: Output file is already uptodate.

<figs/Figure4b-eps-converted-to.pdf, id=25, 420.57124pt x 377.41pt>
File: figs/Figure4b-eps-converted-to.pdf Graphic file (type pdf)

<use figs/Figure4b-eps-converted-to.pdf>
Package pdftex.def Info: figs/Figure4b-eps-converted-to.pdf used on input line 
209.
(pdftex.def)             Requested size: 229.49844pt x 205.9464pt.
Package epstopdf Info: Source file: <figs/Figure5a.eps>
(epstopdf)                    date: 2015-06-15 16:05:01
(epstopdf)                    size: 3921293 bytes
(epstopdf)             Output file: <figs/Figure5a-eps-converted-to.pdf>
(epstopdf)                    date: 2015-06-15 16:05:11
(epstopdf)                    size: 72471 bytes
(epstopdf)             Command: <repstopdf --outfile=figs/Figure5a-eps-converte
d-to.pdf figs/Figure5a.eps>
(epstopdf)             \includegraphics on input line 213.
Package epstopdf Info: Output file is already uptodate.

<figs/Figure5a-eps-converted-to.pdf, id=26, 444.66125pt x 394.47375pt>
File: figs/Figure5a-eps-converted-to.pdf Graphic file (type pdf)

<use figs/Figure5a-eps-converted-to.pdf>
Package pdftex.def Info: figs/Figure5a-eps-converted-to.pdf used on input line 
213.
(pdftex.def)             Requested size: 163.20374pt x 144.77925pt.
Package epstopdf Info: Source file: <figs/Figure5b.eps>
(epstopdf)                    date: 2015-06-15 16:04:46
(epstopdf)                    size: 3921293 bytes
(epstopdf)             Output file: <figs/Figure5b-eps-converted-to.pdf>
(epstopdf)                    date: 2015-06-15 16:05:12
(epstopdf)                    size: 72753 bytes
(epstopdf)             Command: <repstopdf --outfile=figs/Figure5b-eps-converte
d-to.pdf figs/Figure5b.eps>
(epstopdf)             \includegraphics on input line 217.
Package epstopdf Info: Output file is already uptodate.

<figs/Figure5b-eps-converted-to.pdf, id=27, 444.66125pt x 394.47375pt>
File: figs/Figure5b-eps-converted-to.pdf Graphic file (type pdf)

<use figs/Figure5b-eps-converted-to.pdf>
Package pdftex.def Info: figs/Figure5b-eps-converted-to.pdf used on input line 
217.
(pdftex.def)             Requested size: 163.20374pt x 144.77925pt.
Package epstopdf Info: Source file: <figs/Figure5c.eps>
(epstopdf)                    date: 2015-06-15 16:04:33
(epstopdf)                    size: 3921293 bytes
(epstopdf)             Output file: <figs/Figure5c-eps-converted-to.pdf>
(epstopdf)                    date: 2015-06-15 16:05:14
(epstopdf)                    size: 44058 bytes
(epstopdf)             Command: <repstopdf --outfile=figs/Figure5c-eps-converte
d-to.pdf figs/Figure5c.eps>
(epstopdf)             \includegraphics on input line 221.
Package epstopdf Info: Output file is already uptodate.

<figs/Figure5c-eps-converted-to.pdf, id=28, 444.66125pt x 394.47375pt>
File: figs/Figure5c-eps-converted-to.pdf Graphic file (type pdf)

<use figs/Figure5c-eps-converted-to.pdf>
Package pdftex.def Info: figs/Figure5c-eps-converted-to.pdf used on input line 
221.
(pdftex.def)             Requested size: 163.20374pt x 144.77925pt.

No file nanorods_figures1.bbl.
[2 <./figs/geometry.pdf> <./figs/Figure2a-eps-converted-to.pdf> <./figs/Figure2
b-eps-converted-to.pdf>] [3 <./figs/Figure3bb.pdf> <./figs/Figure3ba.pdf> <./fi
gs/Figure3bc.pdf> <./figs/Phi_vs_L_0G-eps-converted-to.pdf> <./figs/Phi_vs_L_14
0G-eps-converted-to.pdf> <./figs/Figure3a-eps-converted-to.pdf>] [4 <./figs/Fig
ure4-eps-converted-to.pdf> <./figs/Figure4b-eps-converted-to.pdf> <./figs/Figur
e5a-eps-converted-to.pdf> <./figs/Figure5b-eps-converted-to.pdf> <./figs/Figure
5c-eps-converted-to.pdf>] (./nanorods_figures1.aux)

LaTeX Warning: Label(s) may have changed. Rerun to get cross-references right .


 ) 
Here is how much of TeX's memory you used:
 5378 strings out of 493315
 77661 string characters out of 6137905
 156666 words of memory out of 5000000
 8745 multiletter control sequences out of 15000+600000
 14359 words of font info for 54 fonts, out of 8000000 for 9000
 957 hyphenation exceptions out of 8191
 38i,9n,38p,1684b,528s stack positions out of 5000i,500n,10000p,200000b,80000s
</usr/local/texlive/2013/texmf-dist/fonts/type1/public/amsfonts/cm/cmbx12.pfb
></usr/local/texlive/2013/texmf-dist/fonts/type1/public/amsfonts/cm/cmbx8.pfb><
/usr/local/texlive/2013/texmf-dist/fonts/type1/public/amsfonts/cm/cmmi10.pfb></
usr/local/texlive/2013/texmf-dist/fonts/type1/public/amsfonts/cm/cmmi6.pfb></us
r/local/texlive/2013/texmf-dist/fonts/type1/public/amsfonts/cm/cmmi8.pfb></usr/
local/texlive/2013/texmf-dist/fonts/type1/public/amsfonts/cm/cmmi9.pfb></usr/lo
cal/texlive/2013/texmf-dist/fonts/type1/public/amsfonts/cmextra/cmmib8.pfb></us
r/local/texlive/2013/texmf-dist/fonts/type1/public/amsfonts/cm/cmr10.pfb></usr/
local/texlive/2013/texmf-dist/fonts/type1/public/amsfonts/cm/cmr6.pfb></usr/loc
al/texlive/2013/texmf-dist/fonts/type1/public/amsfonts/cm/cmr7.pfb></usr/local/
texlive/2013/texmf-dist/fonts/type1/public/amsfonts/cm/cmr8.pfb></usr/local/tex
live/2013/texmf-dist/fonts/type1/public/amsfonts/cm/cmr9.pfb></usr/local/texliv
e/2013/texmf-dist/fonts/type1/public/amsfonts/cm/cmsy6.pfb></usr/local/texlive/
2013/texmf-dist/fonts/type1/public/amsfonts/cm/cmsy7.pfb></usr/local/texlive/20
13/texmf-dist/fonts/type1/public/amsfonts/cm/cmsy8.pfb></usr/local/texlive/2013
/texmf-dist/fonts/type1/public/amsfonts/cm/cmsy9.pfb></usr/local/texlive/2013/t
exmf-dist/fonts/type1/public/amsfonts/cm/cmti8.pfb></usr/local/texlive/2013/tex
mf-dist/fonts/type1/public/amsfonts/cm/cmti9.pfb>
Output written on nanorods_figures1.pdf (4 pages, 1763703 bytes).
PDF statistics:
 349 PDF objects out of 1000 (max. 8388607)
 250 compressed objects within 3 object streams
 0 named destinations out of 1000 (max. 500000)
 71 words of extra memory for PDF output out of 10000 (max. 10000000)

